  GUI.cpp
C:\Users\Al3xz\Documents\GitHub\Proyecto-2_Progra-1\Proyecto(57,84): warning C4244: 'argument': conversion from 'int' to 'T', possible loss of data
C:\Users\Al3xz\Documents\GitHub\Proyecto-2_Progra-1\Proyecto(57,84): warning C4244:         with
C:\Users\Al3xz\Documents\GitHub\Proyecto-2_Progra-1\Proyecto(57,84): warning C4244:         [
C:\Users\Al3xz\Documents\GitHub\Proyecto-2_Progra-1\Proyecto(57,84): warning C4244:             T=float
C:\Users\Al3xz\Documents\GitHub\Proyecto-2_Progra-1\Proyecto(57,84): warning C4244:         ]
C:\Users\Al3xz\Documents\GitHub\Proyecto-2_Progra-1\Proyecto(57,65): warning C4244: 'argument': conversion from 'int' to 'T', possible loss of data
C:\Users\Al3xz\Documents\GitHub\Proyecto-2_Progra-1\Proyecto(57,65): warning C4244:         with
C:\Users\Al3xz\Documents\GitHub\Proyecto-2_Progra-1\Proyecto(57,65): warning C4244:         [
C:\Users\Al3xz\Documents\GitHub\Proyecto-2_Progra-1\Proyecto(57,65): warning C4244:             T=float
C:\Users\Al3xz\Documents\GitHub\Proyecto-2_Progra-1\Proyecto(57,65): warning C4244:         ]
C:\Users\Al3xz\Documents\GitHub\Proyecto-2_Progra-1\Proyecto(61,84): warning C4244: 'argument': conversion from 'int' to 'T', possible loss of data
C:\Users\Al3xz\Documents\GitHub\Proyecto-2_Progra-1\Proyecto(61,84): warning C4244:         with
C:\Users\Al3xz\Documents\GitHub\Proyecto-2_Progra-1\Proyecto(61,84): warning C4244:         [
C:\Users\Al3xz\Documents\GitHub\Proyecto-2_Progra-1\Proyecto(61,84): warning C4244:             T=float
C:\Users\Al3xz\Documents\GitHub\Proyecto-2_Progra-1\Proyecto(61,84): warning C4244:         ]
C:\Users\Al3xz\Documents\GitHub\Proyecto-2_Progra-1\Proyecto(61,65): warning C4244: 'argument': conversion from 'int' to 'T', possible loss of data
C:\Users\Al3xz\Documents\GitHub\Proyecto-2_Progra-1\Proyecto(61,65): warning C4244:         with
C:\Users\Al3xz\Documents\GitHub\Proyecto-2_Progra-1\Proyecto(61,65): warning C4244:         [
C:\Users\Al3xz\Documents\GitHub\Proyecto-2_Progra-1\Proyecto(61,65): warning C4244:             T=float
C:\Users\Al3xz\Documents\GitHub\Proyecto-2_Progra-1\Proyecto(61,65): warning C4244:         ]
C:\Users\Al3xz\Documents\GitHub\Proyecto-2_Progra-1\Proyecto(75,89): warning C4244: 'argument': conversion from 'int' to 'T', possible loss of data
C:\Users\Al3xz\Documents\GitHub\Proyecto-2_Progra-1\Proyecto(75,89): warning C4244:         with
C:\Users\Al3xz\Documents\GitHub\Proyecto-2_Progra-1\Proyecto(75,89): warning C4244:         [
C:\Users\Al3xz\Documents\GitHub\Proyecto-2_Progra-1\Proyecto(75,89): warning C4244:             T=float
C:\Users\Al3xz\Documents\GitHub\Proyecto-2_Progra-1\Proyecto(75,89): warning C4244:         ]
C:\Users\Al3xz\Documents\GitHub\Proyecto-2_Progra-1\Proyecto(75,68): warning C4244: 'argument': conversion from 'int' to 'T', possible loss of data
C:\Users\Al3xz\Documents\GitHub\Proyecto-2_Progra-1\Proyecto(75,68): warning C4244:         with
C:\Users\Al3xz\Documents\GitHub\Proyecto-2_Progra-1\Proyecto(75,68): warning C4244:         [
C:\Users\Al3xz\Documents\GitHub\Proyecto-2_Progra-1\Proyecto(75,68): warning C4244:             T=float
C:\Users\Al3xz\Documents\GitHub\Proyecto-2_Progra-1\Proyecto(75,68): warning C4244:         ]
C:\Users\Al3xz\Documents\GitHub\Proyecto-2_Progra-1\Proyecto(78,89): warning C4244: 'argument': conversion from 'int' to 'T', possible loss of data
C:\Users\Al3xz\Documents\GitHub\Proyecto-2_Progra-1\Proyecto(78,89): warning C4244:         with
C:\Users\Al3xz\Documents\GitHub\Proyecto-2_Progra-1\Proyecto(78,89): warning C4244:         [
C:\Users\Al3xz\Documents\GitHub\Proyecto-2_Progra-1\Proyecto(78,89): warning C4244:             T=float
C:\Users\Al3xz\Documents\GitHub\Proyecto-2_Progra-1\Proyecto(78,89): warning C4244:         ]
C:\Users\Al3xz\Documents\GitHub\Proyecto-2_Progra-1\Proyecto(78,68): warning C4244: 'argument': conversion from 'int' to 'T', possible loss of data
C:\Users\Al3xz\Documents\GitHub\Proyecto-2_Progra-1\Proyecto(78,68): warning C4244:         with
C:\Users\Al3xz\Documents\GitHub\Proyecto-2_Progra-1\Proyecto(78,68): warning C4244:         [
C:\Users\Al3xz\Documents\GitHub\Proyecto-2_Progra-1\Proyecto(78,68): warning C4244:             T=float
C:\Users\Al3xz\Documents\GitHub\Proyecto-2_Progra-1\Proyecto(78,68): warning C4244:         ]
  Proyecto#2_ZunigaAlex.vcxproj -> C:\Users\Al3xz\Documents\GitHub\Proyecto-2_Progra-1\Proyecto#2\Proyecto#2_ZunigaAlex\x64\Debug\Proyecto#2_ZunigaAlex.exe
